c:\users\ishan\documents\5th year\capstone\machinelearningprototype2\machinelearningmodule\debug\machinelearningmodule.pch
c:\users\ishan\documents\5th year\capstone\machinelearningprototype2\machinelearningmodule\debug\vc120.pdb
c:\users\ishan\documents\5th year\capstone\machinelearningprototype2\machinelearningmodule\debug\vc120.idb
c:\users\ishan\documents\5th year\capstone\machinelearningprototype2\machinelearningmodule\debug\stdafx.obj
c:\users\ishan\documents\5th year\capstone\machinelearningprototype2\machinelearningmodule\debug\dllmain.obj
c:\users\ishan\documents\5th year\capstone\machinelearningprototype2\machinelearningmodule\debug\krrpredictor.obj
c:\users\ishan\documents\5th year\capstone\machinelearningprototype2\machinelearningmodule\debug\krrtrainer.obj
c:\users\ishan\documents\5th year\capstone\machinelearningprototype2\machinelearningmodule\debug\machinelearningmodule.obj
c:\users\ishan\documents\5th year\capstone\machinelearningprototype2\machinelearningmodule\debug\pugixml.obj
c:\users\ishan\documents\5th year\capstone\machinelearningprototype2\machinelearningmodule\debug\regressionpredictor.obj
c:\users\ishan\documents\5th year\capstone\machinelearningprototype2\machinelearningmodule\debug\svrpredictor.obj
c:\users\ishan\documents\5th year\capstone\machinelearningprototype2\machinelearningmodule\debug\svrtrainer.obj
c:\users\ishan\documents\5th year\capstone\machinelearningprototype2\machinelearningmodule\debug\regressiontrainer.obj
c:\users\ishan\documents\5th year\capstone\machinelearningprototype2\debug\machinelearningmodule.ilk
c:\users\ishan\documents\5th year\capstone\machinelearningprototype2\debug\machinelearningmodule.dll
c:\users\ishan\documents\5th year\capstone\machinelearningprototype2\debug\machinelearningmodule.pdb
c:\users\ishan\documents\5th year\capstone\machinelearningprototype2\debug\machinelearningmodule.lib
c:\users\ishan\documents\5th year\capstone\machinelearningprototype2\debug\machinelearningmodule.exp
c:\users\ishan\documents\5th year\capstone\machinelearningprototype2\machinelearningmodule\debug\machinel.69c54011.tlog\cl.command.1.tlog
c:\users\ishan\documents\5th year\capstone\machinelearningprototype2\machinelearningmodule\debug\machinel.69c54011.tlog\cl.read.1.tlog
c:\users\ishan\documents\5th year\capstone\machinelearningprototype2\machinelearningmodule\debug\machinel.69c54011.tlog\cl.write.1.tlog
c:\users\ishan\documents\5th year\capstone\machinelearningprototype2\machinelearningmodule\debug\machinel.69c54011.tlog\link.command.1.tlog
c:\users\ishan\documents\5th year\capstone\machinelearningprototype2\machinelearningmodule\debug\machinel.69c54011.tlog\link.read.1.tlog
c:\users\ishan\documents\5th year\capstone\machinelearningprototype2\machinelearningmodule\debug\machinel.69c54011.tlog\link.write.1.tlog
c:\users\ishan\documents\5th year\capstone\machinelearningprototype2\machinelearningmodule\debug\machinel.69c54011.tlog\machinelearningmodule.write.1u.tlog
