Build started 2016-03-30 10:28:27 AM.
     1>Project "C:\Users\Ishan\Documents\5th Year\Capstone\MachineLearningPrototype2\MachineLearningModule\MachineLearningModule.vcxproj" on node 2 (Build target(s)).
     1>ClCompile:
         C:\Program Files (x86)\Microsoft Visual Studio 12.0\VC\bin\CL.exe /c /ZI /nologo /W3 /WX- /sdl /Od /Oy- /D WIN32 /D _DEBUG /D _WINDOWS /D _USRDLL /D MACHINELEARNINGMODULE_EXPORTS /D _WINDLL /D _UNICODE /D UNICODE /D _CRT_SECURE_NO_WARNINGS /D _CRT_SECURE_NO_WARNINGS /Gm /EHsc /RTC1 /MDd /GS /fp:precise /Zc:wchar_t /Zc:forScope /Yu"stdafx.h" /Fp"Debug\MachineLearningModule.pch" /Fo"Debug\\" /Fd"Debug\vc120.pdb" /Gd /TP /analyze- /errorReport:prompt KRRTrainer.cpp RegressionTrainer.cpp SVRTrainer.cpp
         RegressionTrainer.cpp
     1>c:\users\ishan\documents\5th year\capstone\machinelearningprototype2\machinelearningmodule\regressiontrainer.h(27): warning C4251: 'MachineLearningTraining::RegressionTrainer::file_names' : class 'std::vector<std::string,std::allocator<_Ty>>' needs to have dll-interface to be used by clients of class 'MachineLearningTraining::RegressionTrainer'
                 with
                 [
                     _Ty=std::string
                 ]
     1>c:\users\ishan\documents\5th year\capstone\machinelearningprototype2\machinelearningmodule\regressiontrainer.h(28): warning C4251: 'MachineLearningTraining::RegressionTrainer::input_data' : class 'std::vector<MachineLearning::sample_type,std::allocator<_Ty>>' needs to have dll-interface to be used by clients of class 'MachineLearningTraining::RegressionTrainer'
                 with
                 [
                     _Ty=MachineLearning::sample_type
                 ]
     1>c:\users\ishan\documents\5th year\capstone\machinelearningprototype2\machinelearningmodule\regressiontrainer.h(34): warning C4251: 'MachineLearningTraining::RegressionTrainer::augmented_outputs' : class 'std::vector<double,std::allocator<_Ty>>' needs to have dll-interface to be used by clients of class 'MachineLearningTraining::RegressionTrainer'
                 with
                 [
                     _Ty=double
                 ]
     1>c:\users\ishan\documents\5th year\capstone\machinelearningprototype2\machinelearningmodule\regressiontrainer.h(35): warning C4251: 'MachineLearningTraining::RegressionTrainer::non_augmented_outputs' : class 'std::vector<double,std::allocator<_Ty>>' needs to have dll-interface to be used by clients of class 'MachineLearningTraining::RegressionTrainer'
                 with
                 [
                     _Ty=double
                 ]
     1>c:\users\ishan\documents\5th year\capstone\machinelearningprototype2\machinelearningmodule\regressiontrainer.h(36): warning C4251: 'MachineLearningTraining::RegressionTrainer::result' : struct 'pugi::xml_parse_result' needs to have dll-interface to be used by clients of class 'MachineLearningTraining::RegressionTrainer'
                 c:\users\ishan\documents\5th year\capstone\machinelearningprototype2\machinelearningmodule\pugixml.hpp(918) : see declaration of 'pugi::xml_parse_result'
         Generating Code...
         Skipping... (no relevant changes detected)
         SVRTrainer.cpp
         KRRTrainer.cpp
       Link:
         C:\Program Files (x86)\Microsoft Visual Studio 12.0\VC\bin\link.exe /ERRORREPORT:PROMPT /OUT:"C:\Users\Ishan\Documents\5th Year\Capstone\MachineLearningPrototype2\Debug\MachineLearningModule.dll" /INCREMENTAL /NOLOGO kernel32.lib user32.lib gdi32.lib winspool.lib comdlg32.lib advapi32.lib shell32.lib ole32.lib oleaut32.lib uuid.lib odbc32.lib odbccp32.lib /MANIFEST /MANIFESTUAC:"level='asInvoker' uiAccess='false'" /manifest:embed /DEBUG /PDB:"C:\Users\Ishan\Documents\5th Year\Capstone\MachineLearningPrototype2\Debug\MachineLearningModule.pdb" /SUBSYSTEM:WINDOWS /TLBID:1 /DYNAMICBASE /NXCOMPAT /IMPLIB:"C:\Users\Ishan\Documents\5th Year\Capstone\MachineLearningPrototype2\Debug\MachineLearningModule.lib" /MACHINE:X86 /DLL Debug\dllmain.obj
         Debug\KRRPredictor.obj
         Debug\KRRTrainer.obj
         Debug\MachineLearningModule.obj
         Debug\pugixml.obj
         Debug\RegressionPredictor.obj
         Debug\RegressionTrainer.obj
         Debug\stdafx.obj
         Debug\SVRPredictor.obj
         Debug\SVRTrainer.obj
         MachineLearningModule.vcxproj -> C:\Users\Ishan\Documents\5th Year\Capstone\MachineLearningPrototype2\Debug\MachineLearningModule.dll
     1>Done Building Project "C:\Users\Ishan\Documents\5th Year\Capstone\MachineLearningPrototype2\MachineLearningModule\MachineLearningModule.vcxproj" (Build target(s)).

Build succeeded.

Time Elapsed 00:00:38.14
